app/build/intermediates/manifest_merge_blame_file/debug/processDebugMainManifest/manifest-merger-blame-debug-report.txt
1<?xml version="1.0" encoding="utf-8"?>
2<manifest xmlns:android="http://schemas.android.com/apk/res/android"
3    package="com.example.jokechatbot"
4    android:versionCode="1"
5    android:versionName="1.0" >
6
7    <uses-sdk
8        android:minSdkVersion="24"
9        android:targetSdkVersion="35" />
10
11    <uses-permission android:name="android.permission.INTERNET" />
11-->src\main\AndroidManifest.xml:4:5-67
11-->src\main\AndroidManifest.xml:4:22-64
12    <uses-permission android:name="android.permission.ACCESS_NETWORK_STATE" />
12-->[com.google.android.gms:play-services-ads-api:24.4.0] AndroidManifest.xml:25:5-79
12-->[com.google.android.gms:play-services-ads-api:24.4.0] AndroidManifest.xml:25:22-76
13    <uses-permission android:name="com.google.android.gms.permission.AD_ID" />
13-->[com.google.android.gms:play-services-ads-api:24.4.0] AndroidManifest.xml:26:5-79
13-->[com.google.android.gms:play-services-ads-api:24.4.0] AndroidManifest.xml:26:22-76
14    <uses-permission android:name="android.permission.ACCESS_ADSERVICES_AD_ID" />
14-->[com.google.android.gms:play-services-ads-api:24.4.0] AndroidManifest.xml:27:5-82
14-->[com.google.android.gms:play-services-ads-api:24.4.0] AndroidManifest.xml:27:22-79
15    <uses-permission android:name="android.permission.ACCESS_ADSERVICES_ATTRIBUTION" />
15-->[com.google.android.gms:play-services-ads-api:24.4.0] AndroidManifest.xml:28:5-88
15-->[com.google.android.gms:play-services-ads-api:24.4.0] AndroidManifest.xml:28:22-85
16    <uses-permission android:name="android.permission.ACCESS_ADSERVICES_TOPICS" /> <!-- Android package visibility setting -->
16-->[com.google.android.gms:play-services-ads-api:24.4.0] AndroidManifest.xml:29:5-83
16-->[com.google.android.gms:play-services-ads-api:24.4.0] AndroidManifest.xml:29:22-80
17    <queries>
17-->[com.google.android.gms:play-services-ads-api:24.4.0] AndroidManifest.xml:35:5-68:15
18
19        <!-- For browser content -->
20        <intent>
20-->[com.google.android.gms:play-services-ads-api:24.4.0] AndroidManifest.xml:38:9-44:18
21            <action android:name="android.intent.action.VIEW" />
21-->[com.google.android.gms:play-services-ads-api:24.4.0] AndroidManifest.xml:39:13-65
21-->[com.google.android.gms:play-services-ads-api:24.4.0] AndroidManifest.xml:39:21-62
22
23            <category android:name="android.intent.category.BROWSABLE" />
23-->[com.google.android.gms:play-services-ads-api:24.4.0] AndroidManifest.xml:41:13-74
23-->[com.google.android.gms:play-services-ads-api:24.4.0] AndroidManifest.xml:41:23-71
24
25            <data android:scheme="https" />
25-->[com.google.android.gms:play-services-ads-api:24.4.0] AndroidManifest.xml:43:13-44
25-->[com.google.android.gms:play-services-ads-api:24.4.0] AndroidManifest.xml:43:19-41
26        </intent>
27        <!-- End of browser content -->
28        <!-- For CustomTabsService -->
29        <intent>
29-->[com.google.android.gms:play-services-ads-api:24.4.0] AndroidManifest.xml:47:9-49:18
30            <action android:name="android.support.customtabs.action.CustomTabsService" />
30-->[com.google.android.gms:play-services-ads-api:24.4.0] AndroidManifest.xml:48:13-90
30-->[com.google.android.gms:play-services-ads-api:24.4.0] AndroidManifest.xml:48:21-87
31        </intent>
32        <!-- End of CustomTabsService -->
33        <!-- For MRAID capabilities -->
34        <intent>
34-->[com.google.android.gms:play-services-ads-api:24.4.0] AndroidManifest.xml:52:9-56:18
35            <action android:name="android.intent.action.INSERT" />
35-->[com.google.android.gms:play-services-ads-api:24.4.0] AndroidManifest.xml:53:13-67
35-->[com.google.android.gms:play-services-ads-api:24.4.0] AndroidManifest.xml:53:21-64
36
37            <data android:mimeType="vnd.android.cursor.dir/event" />
37-->[com.google.android.gms:play-services-ads-api:24.4.0] AndroidManifest.xml:43:13-44
38        </intent>
39        <intent>
39-->[com.google.android.gms:play-services-ads-api:24.4.0] AndroidManifest.xml:57:9-61:18
40            <action android:name="android.intent.action.VIEW" />
40-->[com.google.android.gms:play-services-ads-api:24.4.0] AndroidManifest.xml:39:13-65
40-->[com.google.android.gms:play-services-ads-api:24.4.0] AndroidManifest.xml:39:21-62
41
42            <data android:scheme="sms" />
42-->[com.google.android.gms:play-services-ads-api:24.4.0] AndroidManifest.xml:43:13-44
42-->[com.google.android.gms:play-services-ads-api:24.4.0] AndroidManifest.xml:43:19-41
43        </intent>
44        <intent>
44-->[com.google.android.gms:play-services-ads-api:24.4.0] AndroidManifest.xml:62:9-66:18
45            <action android:name="android.intent.action.DIAL" />
45-->[com.google.android.gms:play-services-ads-api:24.4.0] AndroidManifest.xml:63:13-65
45-->[com.google.android.gms:play-services-ads-api:24.4.0] AndroidManifest.xml:63:21-62
46
47            <data android:path="tel:" />
47-->[com.google.android.gms:play-services-ads-api:24.4.0] AndroidManifest.xml:43:13-44
48        </intent>
49        <!-- End of MRAID capabilities -->
50    </queries>
51
52    <uses-permission android:name="android.permission.WAKE_LOCK" />
52-->[com.google.android.gms:play-services-measurement-sdk-api:20.1.2] AndroidManifest.xml:25:5-68
52-->[com.google.android.gms:play-services-measurement-sdk-api:20.1.2] AndroidManifest.xml:25:22-65
53    <uses-permission android:name="android.permission.FOREGROUND_SERVICE" />
53-->[androidx.work:work-runtime:2.7.0] AndroidManifest.xml:28:5-77
53-->[androidx.work:work-runtime:2.7.0] AndroidManifest.xml:28:22-74
54
55    <permission
55-->[androidx.core:core:1.16.0] AndroidManifest.xml:22:5-24:47
56        android:name="com.example.jokechatbot.DYNAMIC_RECEIVER_NOT_EXPORTED_PERMISSION"
56-->[androidx.core:core:1.16.0] AndroidManifest.xml:23:9-81
57        android:protectionLevel="signature" />
57-->[androidx.core:core:1.16.0] AndroidManifest.xml:24:9-44
58
59    <uses-permission android:name="com.example.jokechatbot.DYNAMIC_RECEIVER_NOT_EXPORTED_PERMISSION" />
59-->[androidx.core:core:1.16.0] AndroidManifest.xml:26:5-97
59-->[androidx.core:core:1.16.0] AndroidManifest.xml:26:22-94
60
61    <application
61-->src\main\AndroidManifest.xml:6:5-28:19
62        android:allowBackup="true"
62-->src\main\AndroidManifest.xml:7:9-35
63        android:appComponentFactory="androidx.core.app.CoreComponentFactory"
63-->[androidx.core:core:1.16.0] AndroidManifest.xml:28:18-86
64        android:dataExtractionRules="@xml/data_extraction_rules"
64-->src\main\AndroidManifest.xml:8:9-65
65        android:debuggable="true"
66        android:extractNativeLibs="false"
67        android:fullBackupContent="@xml/backup_rules"
67-->src\main\AndroidManifest.xml:9:9-54
68        android:icon="@mipmap/ic_launcher"
68-->src\main\AndroidManifest.xml:10:9-43
69        android:label="@string/app_name"
69-->src\main\AndroidManifest.xml:11:9-41
70        android:roundIcon="@mipmap/ic_launcher_round"
70-->src\main\AndroidManifest.xml:12:9-54
71        android:supportsRtl="true"
71-->src\main\AndroidManifest.xml:13:9-35
72        android:testOnly="true"
73        android:theme="@style/Theme.JokeChatbot" >
73-->src\main\AndroidManifest.xml:14:9-49
74        <meta-data
74-->src\main\AndroidManifest.xml:16:9-18:69
75            android:name="com.google.android.gms.ads.APPLICATION_ID"
75-->src\main\AndroidManifest.xml:17:13-69
76            android:value="ca-app-pub-3940256099942544~3347511713" />
76-->src\main\AndroidManifest.xml:18:13-67
77
78        <activity
78-->src\main\AndroidManifest.xml:19:9-27:20
79            android:name="org.geeksforgeeks.demo.MainActivity"
79-->src\main\AndroidManifest.xml:20:13-63
80            android:exported="true" >
80-->src\main\AndroidManifest.xml:21:13-36
81            <intent-filter>
81-->src\main\AndroidManifest.xml:22:13-26:29
82                <action android:name="android.intent.action.MAIN" />
82-->src\main\AndroidManifest.xml:23:17-69
82-->src\main\AndroidManifest.xml:23:25-66
83
84                <category android:name="android.intent.category.LAUNCHER" />
84-->src\main\AndroidManifest.xml:25:17-77
84-->src\main\AndroidManifest.xml:25:27-74
85            </intent-filter>
86        </activity>
87
88        <uses-library
88-->[androidx.xr.scenecore:scenecore:1.0.0-alpha04] AndroidManifest.xml:23:9-25:40
89            android:name="com.android.extensions.xr"
89-->[androidx.xr.scenecore:scenecore:1.0.0-alpha04] AndroidManifest.xml:24:13-53
90            android:required="false" /> <!-- Include the AdActivity and InAppPurchaseActivity configChanges and themes. -->
90-->[androidx.xr.scenecore:scenecore:1.0.0-alpha04] AndroidManifest.xml:25:13-37
91        <activity
91-->[com.google.android.gms:play-services-ads-api:24.4.0] AndroidManifest.xml:73:9-78:43
92            android:name="com.google.android.gms.ads.AdActivity"
92-->[com.google.android.gms:play-services-ads-api:24.4.0] AndroidManifest.xml:74:13-65
93            android:configChanges="keyboard|keyboardHidden|orientation|screenLayout|uiMode|screenSize|smallestScreenSize"
93-->[com.google.android.gms:play-services-ads-api:24.4.0] AndroidManifest.xml:75:13-122
94            android:exported="false"
94-->[com.google.android.gms:play-services-ads-api:24.4.0] AndroidManifest.xml:76:13-37
95            android:theme="@android:style/Theme.Translucent" />
95-->[com.google.android.gms:play-services-ads-api:24.4.0] AndroidManifest.xml:77:13-61
96
97        <provider
97-->[com.google.android.gms:play-services-ads-api:24.4.0] AndroidManifest.xml:80:9-85:43
98            android:name="com.google.android.gms.ads.MobileAdsInitProvider"
98-->[com.google.android.gms:play-services-ads-api:24.4.0] AndroidManifest.xml:81:13-76
99            android:authorities="com.example.jokechatbot.mobileadsinitprovider"
99-->[com.google.android.gms:play-services-ads-api:24.4.0] AndroidManifest.xml:82:13-73
100            android:exported="false"
100-->[com.google.android.gms:play-services-ads-api:24.4.0] AndroidManifest.xml:83:13-37
101            android:initOrder="100" />
101-->[com.google.android.gms:play-services-ads-api:24.4.0] AndroidManifest.xml:84:13-36
102
103        <service
103-->[com.google.android.gms:play-services-ads-api:24.4.0] AndroidManifest.xml:87:9-91:43
104            android:name="com.google.android.gms.ads.AdService"
104-->[com.google.android.gms:play-services-ads-api:24.4.0] AndroidManifest.xml:88:13-64
105            android:enabled="true"
105-->[com.google.android.gms:play-services-ads-api:24.4.0] AndroidManifest.xml:89:13-35
106            android:exported="false" />
106-->[com.google.android.gms:play-services-ads-api:24.4.0] AndroidManifest.xml:90:13-37
107
108        <activity
108-->[com.google.android.gms:play-services-ads-api:24.4.0] AndroidManifest.xml:93:9-97:43
109            android:name="com.google.android.gms.ads.OutOfContextTestingActivity"
109-->[com.google.android.gms:play-services-ads-api:24.4.0] AndroidManifest.xml:94:13-82
110            android:configChanges="keyboard|keyboardHidden|orientation|screenLayout|uiMode|screenSize|smallestScreenSize"
110-->[com.google.android.gms:play-services-ads-api:24.4.0] AndroidManifest.xml:95:13-122
111            android:exported="false" />
111-->[com.google.android.gms:play-services-ads-api:24.4.0] AndroidManifest.xml:96:13-37
112        <activity
112-->[com.google.android.gms:play-services-ads-api:24.4.0] AndroidManifest.xml:98:9-105:43
113            android:name="com.google.android.gms.ads.NotificationHandlerActivity"
113-->[com.google.android.gms:play-services-ads-api:24.4.0] AndroidManifest.xml:99:13-82
114            android:excludeFromRecents="true"
114-->[com.google.android.gms:play-services-ads-api:24.4.0] AndroidManifest.xml:100:13-46
115            android:exported="false"
115-->[com.google.android.gms:play-services-ads-api:24.4.0] AndroidManifest.xml:101:13-37
116            android:launchMode="singleTask"
116-->[com.google.android.gms:play-services-ads-api:24.4.0] AndroidManifest.xml:102:13-44
117            android:taskAffinity=""
117-->[com.google.android.gms:play-services-ads-api:24.4.0] AndroidManifest.xml:103:13-36
118            android:theme="@android:style/Theme.Translucent.NoTitleBar" />
118-->[com.google.android.gms:play-services-ads-api:24.4.0] AndroidManifest.xml:104:13-72
119
120        <meta-data
120-->[com.google.android.gms:play-services-ads-api:24.4.0] AndroidManifest.xml:107:9-109:36
121            android:name="com.google.android.gms.ads.flag.OPTIMIZE_AD_LOADING"
121-->[com.google.android.gms:play-services-ads-api:24.4.0] AndroidManifest.xml:108:13-79
122            android:value="true" />
122-->[com.google.android.gms:play-services-ads-api:24.4.0] AndroidManifest.xml:109:13-33
123        <meta-data
123-->[com.google.android.gms:play-services-ads-api:24.4.0] AndroidManifest.xml:110:9-112:36
124            android:name="com.google.android.gms.ads.flag.OPTIMIZE_INITIALIZATION"
124-->[com.google.android.gms:play-services-ads-api:24.4.0] AndroidManifest.xml:111:13-83
125            android:value="true" />
125-->[com.google.android.gms:play-services-ads-api:24.4.0] AndroidManifest.xml:112:13-33
126        <meta-data
126-->[com.google.android.gms:play-services-basement:18.4.0] AndroidManifest.xml:6:9-122
127            android:name="com.google.android.gms.version"
127-->[com.google.android.gms:play-services-basement:18.4.0] AndroidManifest.xml:6:20-65
128            android:value="@integer/google_play_services_version" />
128-->[com.google.android.gms:play-services-basement:18.4.0] AndroidManifest.xml:6:66-119
129
130        <provider
130-->[androidx.emoji2:emoji2:1.3.0] AndroidManifest.xml:24:9-32:20
131            android:name="androidx.startup.InitializationProvider"
131-->[androidx.emoji2:emoji2:1.3.0] AndroidManifest.xml:25:13-67
132            android:authorities="com.example.jokechatbot.androidx-startup"
132-->[androidx.emoji2:emoji2:1.3.0] AndroidManifest.xml:26:13-68
133            android:exported="false" >
133-->[androidx.emoji2:emoji2:1.3.0] AndroidManifest.xml:27:13-37
134            <meta-data
134-->[androidx.emoji2:emoji2:1.3.0] AndroidManifest.xml:29:13-31:52
135                android:name="androidx.emoji2.text.EmojiCompatInitializer"
135-->[androidx.emoji2:emoji2:1.3.0] AndroidManifest.xml:30:17-75
136                android:value="androidx.startup" />
136-->[androidx.emoji2:emoji2:1.3.0] AndroidManifest.xml:31:17-49
137            <meta-data
137-->[androidx.work:work-runtime:2.7.0] AndroidManifest.xml:36:13-38:52
138                android:name="androidx.work.WorkManagerInitializer"
138-->[androidx.work:work-runtime:2.7.0] AndroidManifest.xml:37:17-68
139                android:value="androidx.startup" />
139-->[androidx.work:work-runtime:2.7.0] AndroidManifest.xml:38:17-49
140            <meta-data
140-->[androidx.lifecycle:lifecycle-process:2.8.7] AndroidManifest.xml:29:13-31:52
141                android:name="androidx.lifecycle.ProcessLifecycleInitializer"
141-->[androidx.lifecycle:lifecycle-process:2.8.7] AndroidManifest.xml:30:17-78
142                android:value="androidx.startup" />
142-->[androidx.lifecycle:lifecycle-process:2.8.7] AndroidManifest.xml:31:17-49
143            <meta-data
143-->[androidx.profileinstaller:profileinstaller:1.4.0] AndroidManifest.xml:29:13-31:52
144                android:name="androidx.profileinstaller.ProfileInstallerInitializer"
144-->[androidx.profileinstaller:profileinstaller:1.4.0] AndroidManifest.xml:30:17-85
145                android:value="androidx.startup" />
145-->[androidx.profileinstaller:profileinstaller:1.4.0] AndroidManifest.xml:31:17-49
146        </provider>
147
148        <uses-native-library
148-->[androidx.xr.runtime:runtime-openxr:1.0.0-alpha04] AndroidManifest.xml:24:9-26:40
149            android:name="libopenxr.google.so"
149-->[androidx.xr.runtime:runtime-openxr:1.0.0-alpha04] AndroidManifest.xml:25:13-47
150            android:required="false" />
150-->[androidx.xr.runtime:runtime-openxr:1.0.0-alpha04] AndroidManifest.xml:26:13-37
151
152        <service
152-->[androidx.work:work-runtime:2.7.0] AndroidManifest.xml:41:9-46:35
153            android:name="androidx.work.impl.background.systemalarm.SystemAlarmService"
153-->[androidx.work:work-runtime:2.7.0] AndroidManifest.xml:42:13-88
154            android:directBootAware="false"
154-->[androidx.work:work-runtime:2.7.0] AndroidManifest.xml:43:13-44
155            android:enabled="@bool/enable_system_alarm_service_default"
155-->[androidx.work:work-runtime:2.7.0] AndroidManifest.xml:44:13-72
156            android:exported="false" />
156-->[androidx.work:work-runtime:2.7.0] AndroidManifest.xml:45:13-37
157        <service
157-->[androidx.work:work-runtime:2.7.0] AndroidManifest.xml:47:9-53:35
158            android:name="androidx.work.impl.background.systemjob.SystemJobService"
158-->[androidx.work:work-runtime:2.7.0] AndroidManifest.xml:48:13-84
159            android:directBootAware="false"
159-->[androidx.work:work-runtime:2.7.0] AndroidManifest.xml:49:13-44
160            android:enabled="@bool/enable_system_job_service_default"
160-->[androidx.work:work-runtime:2.7.0] AndroidManifest.xml:50:13-70
161            android:exported="true"
161-->[androidx.work:work-runtime:2.7.0] AndroidManifest.xml:51:13-36
162            android:permission="android.permission.BIND_JOB_SERVICE" />
162-->[androidx.work:work-runtime:2.7.0] AndroidManifest.xml:52:13-69
163        <service
163-->[androidx.work:work-runtime:2.7.0] AndroidManifest.xml:54:9-59:35
164            android:name="androidx.work.impl.foreground.SystemForegroundService"
164-->[androidx.work:work-runtime:2.7.0] AndroidManifest.xml:55:13-81
165            android:directBootAware="false"
165-->[androidx.work:work-runtime:2.7.0] AndroidManifest.xml:56:13-44
166            android:enabled="@bool/enable_system_foreground_service_default"
166-->[androidx.work:work-runtime:2.7.0] AndroidManifest.xml:57:13-77
167            android:exported="false" />
167-->[androidx.work:work-runtime:2.7.0] AndroidManifest.xml:58:13-37
168
169        <receiver
169-->[androidx.work:work-runtime:2.7.0] AndroidManifest.xml:61:9-66:35
170            android:name="androidx.work.impl.utils.ForceStopRunnable$BroadcastReceiver"
170-->[androidx.work:work-runtime:2.7.0] AndroidManifest.xml:62:13-88
171            android:directBootAware="false"
171-->[androidx.work:work-runtime:2.7.0] AndroidManifest.xml:63:13-44
172            android:enabled="true"
172-->[androidx.work:work-runtime:2.7.0] AndroidManifest.xml:64:13-35
173            android:exported="false" />
173-->[androidx.work:work-runtime:2.7.0] AndroidManifest.xml:65:13-37
174        <receiver
174-->[androidx.work:work-runtime:2.7.0] AndroidManifest.xml:67:9-77:20
175            android:name="androidx.work.impl.background.systemalarm.ConstraintProxy$BatteryChargingProxy"
175-->[androidx.work:work-runtime:2.7.0] AndroidManifest.xml:68:13-106
176            android:directBootAware="false"
176-->[androidx.work:work-runtime:2.7.0] AndroidManifest.xml:69:13-44
177            android:enabled="false"
177-->[androidx.work:work-runtime:2.7.0] AndroidManifest.xml:70:13-36
178            android:exported="false" >
178-->[androidx.work:work-runtime:2.7.0] AndroidManifest.xml:71:13-37
179            <intent-filter>
179-->[androidx.work:work-runtime:2.7.0] AndroidManifest.xml:73:13-76:29
180                <action android:name="android.intent.action.ACTION_POWER_CONNECTED" />
180-->[androidx.work:work-runtime:2.7.0] AndroidManifest.xml:74:17-87
180-->[androidx.work:work-runtime:2.7.0] AndroidManifest.xml:74:25-84
181                <action android:name="android.intent.action.ACTION_POWER_DISCONNECTED" />
181-->[androidx.work:work-runtime:2.7.0] AndroidManifest.xml:75:17-90
181-->[androidx.work:work-runtime:2.7.0] AndroidManifest.xml:75:25-87
182            </intent-filter>
183        </receiver>
184        <receiver
184-->[androidx.work:work-runtime:2.7.0] AndroidManifest.xml:78:9-88:20
185            android:name="androidx.work.impl.background.systemalarm.ConstraintProxy$BatteryNotLowProxy"
185-->[androidx.work:work-runtime:2.7.0] AndroidManifest.xml:79:13-104
186            android:directBootAware="false"
186-->[androidx.work:work-runtime:2.7.0] AndroidManifest.xml:80:13-44
187            android:enabled="false"
187-->[androidx.work:work-runtime:2.7.0] AndroidManifest.xml:81:13-36
188            android:exported="false" >
188-->[androidx.work:work-runtime:2.7.0] AndroidManifest.xml:82:13-37
189            <intent-filter>
189-->[androidx.work:work-runtime:2.7.0] AndroidManifest.xml:84:13-87:29
190                <action android:name="android.intent.action.BATTERY_OKAY" />
190-->[androidx.work:work-runtime:2.7.0] AndroidManifest.xml:85:17-77
190-->[androidx.work:work-runtime:2.7.0] AndroidManifest.xml:85:25-74
191                <action android:name="android.intent.action.BATTERY_LOW" />
191-->[androidx.work:work-runtime:2.7.0] AndroidManifest.xml:86:17-76
191-->[androidx.work:work-runtime:2.7.0] AndroidManifest.xml:86:25-73
192            </intent-filter>
193        </receiver>
194        <receiver
194-->[androidx.work:work-runtime:2.7.0] AndroidManifest.xml:89:9-99:20
195            android:name="androidx.work.impl.background.systemalarm.ConstraintProxy$StorageNotLowProxy"
195-->[androidx.work:work-runtime:2.7.0] AndroidManifest.xml:90:13-104
196            android:directBootAware="false"
196-->[androidx.work:work-runtime:2.7.0] AndroidManifest.xml:91:13-44
197            android:enabled="false"
197-->[androidx.work:work-runtime:2.7.0] AndroidManifest.xml:92:13-36
198            android:exported="false" >
198-->[androidx.work:work-runtime:2.7.0] AndroidManifest.xml:93:13-37
199            <intent-filter>
199-->[androidx.work:work-runtime:2.7.0] AndroidManifest.xml:95:13-98:29
200                <action android:name="android.intent.action.DEVICE_STORAGE_LOW" />
200-->[androidx.work:work-runtime:2.7.0] AndroidManifest.xml:96:17-83
200-->[androidx.work:work-runtime:2.7.0] AndroidManifest.xml:96:25-80
201                <action android:name="android.intent.action.DEVICE_STORAGE_OK" />
201-->[androidx.work:work-runtime:2.7.0] AndroidManifest.xml:97:17-82
201-->[androidx.work:work-runtime:2.7.0] AndroidManifest.xml:97:25-79
202            </intent-filter>
203        </receiver>
204        <receiver
204-->[androidx.work:work-runtime:2.7.0] AndroidManifest.xml:100:9-109:20
205            android:name="androidx.work.impl.background.systemalarm.ConstraintProxy$NetworkStateProxy"
205-->[androidx.work:work-runtime:2.7.0] AndroidManifest.xml:101:13-103
206            android:directBootAware="false"
206-->[androidx.work:work-runtime:2.7.0] AndroidManifest.xml:102:13-44
207            android:enabled="false"
207-->[androidx.work:work-runtime:2.7.0] AndroidManifest.xml:103:13-36
208            android:exported="false" >
208-->[androidx.work:work-runtime:2.7.0] AndroidManifest.xml:104:13-37
209            <intent-filter>
209-->[androidx.work:work-runtime:2.7.0] AndroidManifest.xml:106:13-108:29
210                <action android:name="android.net.conn.CONNECTIVITY_CHANGE" />
210-->[androidx.work:work-runtime:2.7.0] AndroidManifest.xml:107:17-79
210-->[androidx.work:work-runtime:2.7.0] AndroidManifest.xml:107:25-76
211            </intent-filter>
212        </receiver>
213        <receiver
213-->[androidx.work:work-runtime:2.7.0] AndroidManifest.xml:110:9-121:20
214            android:name="androidx.work.impl.background.systemalarm.RescheduleReceiver"
214-->[androidx.work:work-runtime:2.7.0] AndroidManifest.xml:111:13-88
215            android:directBootAware="false"
215-->[androidx.work:work-runtime:2.7.0] AndroidManifest.xml:112:13-44
216            android:enabled="false"
216-->[androidx.work:work-runtime:2.7.0] AndroidManifest.xml:113:13-36
217            android:exported="false" >
217-->[androidx.work:work-runtime:2.7.0] AndroidManifest.xml:114:13-37
218            <intent-filter>
218-->[androidx.work:work-runtime:2.7.0] AndroidManifest.xml:116:13-120:29
219                <action android:name="android.intent.action.BOOT_COMPLETED" />
219-->[androidx.work:work-runtime:2.7.0] AndroidManifest.xml:117:17-79
219-->[androidx.work:work-runtime:2.7.0] AndroidManifest.xml:117:25-76
220                <action android:name="android.intent.action.TIME_SET" />
220-->[androidx.work:work-runtime:2.7.0] AndroidManifest.xml:118:17-73
220-->[androidx.work:work-runtime:2.7.0] AndroidManifest.xml:118:25-70
221                <action android:name="android.intent.action.TIMEZONE_CHANGED" />
221-->[androidx.work:work-runtime:2.7.0] AndroidManifest.xml:119:17-81
221-->[androidx.work:work-runtime:2.7.0] AndroidManifest.xml:119:25-78
222            </intent-filter>
223        </receiver>
224        <receiver
224-->[androidx.work:work-runtime:2.7.0] AndroidManifest.xml:122:9-131:20
225            android:name="androidx.work.impl.background.systemalarm.ConstraintProxyUpdateReceiver"
225-->[androidx.work:work-runtime:2.7.0] AndroidManifest.xml:123:13-99
226            android:directBootAware="false"
226-->[androidx.work:work-runtime:2.7.0] AndroidManifest.xml:124:13-44
227            android:enabled="@bool/enable_system_alarm_service_default"
227-->[androidx.work:work-runtime:2.7.0] AndroidManifest.xml:125:13-72
228            android:exported="false" >
228-->[androidx.work:work-runtime:2.7.0] AndroidManifest.xml:126:13-37
229            <intent-filter>
229-->[androidx.work:work-runtime:2.7.0] AndroidManifest.xml:128:13-130:29
230                <action android:name="androidx.work.impl.background.systemalarm.UpdateProxies" />
230-->[androidx.work:work-runtime:2.7.0] AndroidManifest.xml:129:17-98
230-->[androidx.work:work-runtime:2.7.0] AndroidManifest.xml:129:25-95
231            </intent-filter>
232        </receiver>
233        <receiver
233-->[androidx.work:work-runtime:2.7.0] AndroidManifest.xml:132:9-142:20
234            android:name="androidx.work.impl.diagnostics.DiagnosticsReceiver"
234-->[androidx.work:work-runtime:2.7.0] AndroidManifest.xml:133:13-78
235            android:directBootAware="false"
235-->[androidx.work:work-runtime:2.7.0] AndroidManifest.xml:134:13-44
236            android:enabled="true"
236-->[androidx.work:work-runtime:2.7.0] AndroidManifest.xml:135:13-35
237            android:exported="true"
237-->[androidx.work:work-runtime:2.7.0] AndroidManifest.xml:136:13-36
238            android:permission="android.permission.DUMP" >
238-->[androidx.work:work-runtime:2.7.0] AndroidManifest.xml:137:13-57
239            <intent-filter>
239-->[androidx.work:work-runtime:2.7.0] AndroidManifest.xml:139:13-141:29
240                <action android:name="androidx.work.diagnostics.REQUEST_DIAGNOSTICS" />
240-->[androidx.work:work-runtime:2.7.0] AndroidManifest.xml:140:17-88
240-->[androidx.work:work-runtime:2.7.0] AndroidManifest.xml:140:25-85
241            </intent-filter>
242        </receiver>
243        <receiver
243-->[androidx.profileinstaller:profileinstaller:1.4.0] AndroidManifest.xml:34:9-52:20
244            android:name="androidx.profileinstaller.ProfileInstallReceiver"
244-->[androidx.profileinstaller:profileinstaller:1.4.0] AndroidManifest.xml:35:13-76
245            android:directBootAware="false"
245-->[androidx.profileinstaller:profileinstaller:1.4.0] AndroidManifest.xml:36:13-44
246            android:enabled="true"
246-->[androidx.profileinstaller:profileinstaller:1.4.0] AndroidManifest.xml:37:13-35
247            android:exported="true"
247-->[androidx.profileinstaller:profileinstaller:1.4.0] AndroidManifest.xml:38:13-36
248            android:permission="android.permission.DUMP" >
248-->[androidx.profileinstaller:profileinstaller:1.4.0] AndroidManifest.xml:39:13-57
249            <intent-filter>
249-->[androidx.profileinstaller:profileinstaller:1.4.0] AndroidManifest.xml:40:13-42:29
250                <action android:name="androidx.profileinstaller.action.INSTALL_PROFILE" />
250-->[androidx.profileinstaller:profileinstaller:1.4.0] AndroidManifest.xml:41:17-91
250-->[androidx.profileinstaller:profileinstaller:1.4.0] AndroidManifest.xml:41:25-88
251            </intent-filter>
252            <intent-filter>
252-->[androidx.profileinstaller:profileinstaller:1.4.0] AndroidManifest.xml:43:13-45:29
253                <action android:name="androidx.profileinstaller.action.SKIP_FILE" />
253-->[androidx.profileinstaller:profileinstaller:1.4.0] AndroidManifest.xml:44:17-85
253-->[androidx.profileinstaller:profileinstaller:1.4.0] AndroidManifest.xml:44:25-82
254            </intent-filter>
255            <intent-filter>
255-->[androidx.profileinstaller:profileinstaller:1.4.0] AndroidManifest.xml:46:13-48:29
256                <action android:name="androidx.profileinstaller.action.SAVE_PROFILE" />
256-->[androidx.profileinstaller:profileinstaller:1.4.0] AndroidManifest.xml:47:17-88
256-->[androidx.profileinstaller:profileinstaller:1.4.0] AndroidManifest.xml:47:25-85
257            </intent-filter>
258            <intent-filter>
258-->[androidx.profileinstaller:profileinstaller:1.4.0] AndroidManifest.xml:49:13-51:29
259                <action android:name="androidx.profileinstaller.action.BENCHMARK_OPERATION" />
259-->[androidx.profileinstaller:profileinstaller:1.4.0] AndroidManifest.xml:50:17-95
259-->[androidx.profileinstaller:profileinstaller:1.4.0] AndroidManifest.xml:50:25-92
260            </intent-filter>
261        </receiver>
262
263        <service
263-->[androidx.room:room-runtime:2.2.5] AndroidManifest.xml:25:9-28:40
264            android:name="androidx.room.MultiInstanceInvalidationService"
264-->[androidx.room:room-runtime:2.2.5] AndroidManifest.xml:26:13-74
265            android:directBootAware="true"
265-->[androidx.room:room-runtime:2.2.5] AndroidManifest.xml:27:13-43
266            android:exported="false" />
266-->[androidx.room:room-runtime:2.2.5] AndroidManifest.xml:28:13-37
267    </application>
268
269</manifest>